\BOOKMARK [0][-]{chapter.1}{\376\377\000I\000n\000t\000r\000o\000d\000u\000c\000t\000i\000o\000n}{}% 1
\BOOKMARK [0][-]{chapter.2}{\376\377\000P\000r\000o\000b\000l\000e\000m\000\040\000S\000t\000a\000t\000e\000m\000e\000n\000t}{}% 2
\BOOKMARK [1][-]{section.2.1}{\376\377\000M\000a\000n\000u\000a\000l\000\040\000a\000n\000d\000\040\000T\000i\000m\000e\000-\000C\000o\000n\000s\000u\000m\000i\000n\000g\000\040\000P\000r\000o\000c\000e\000s\000s}{chapter.2}% 3
\BOOKMARK [1][-]{section.2.2}{\376\377\000L\000a\000c\000k\000\040\000o\000f\000\040\000C\000l\000a\000r\000i\000t\000y\000\040\000a\000n\000d\000\040\000G\000u\000i\000d\000a\000n\000c\000e}{chapter.2}% 4
\BOOKMARK [1][-]{section.2.3}{\376\377\000L\000i\000m\000i\000t\000e\000d\000\040\000S\000e\000l\000f\000-\000A\000s\000s\000e\000s\000s\000m\000e\000n\000t\000\040\000C\000a\000p\000a\000b\000i\000l\000i\000t\000i\000e\000s}{chapter.2}% 5
\BOOKMARK [1][-]{section.2.4}{\376\377\000I\000n\000s\000u\000f\000f\000i\000c\000i\000e\000n\000t\000\040\000D\000a\000t\000a\000\040\000A\000n\000a\000l\000y\000s\000i\000s}{chapter.2}% 6
\BOOKMARK [1][-]{section.2.5}{\376\377\000C\000o\000m\000m\000u\000n\000i\000c\000a\000t\000i\000o\000n\000\040\000a\000n\000d\000\040\000C\000o\000l\000l\000a\000b\000o\000r\000a\000t\000i\000o\000n\000\040\000C\000h\000a\000l\000l\000e\000n\000g\000e\000s}{chapter.2}% 7
\BOOKMARK [1][-]{section.2.6}{\376\377\000L\000a\000c\000k\000\040\000o\000f\000\040\000A\000d\000v\000a\000n\000c\000e\000d\000\040\000C\000o\000n\000s\000u\000l\000t\000a\000t\000i\000o\000n}{chapter.2}% 8
\BOOKMARK [0][-]{chapter.3}{\376\377\000S\000o\000l\000u\000t\000i\000o\000n\000s}{}% 9
\BOOKMARK [1][-]{section.3.1}{\376\377\000S\000t\000r\000e\000a\000m\000l\000i\000n\000e\000d\000\040\000A\000c\000c\000r\000e\000d\000i\000t\000a\000t\000i\000o\000n\000\040\000P\000r\000o\000c\000e\000s\000s}{chapter.3}% 10
\BOOKMARK [1][-]{section.3.2}{\376\377\000C\000o\000m\000p\000r\000e\000h\000e\000n\000s\000i\000v\000e\000\040\000G\000u\000i\000d\000e\000l\000i\000n\000e\000s\000\040\000a\000n\000d\000\040\000S\000t\000a\000n\000d\000a\000r\000d\000s}{chapter.3}% 11
\BOOKMARK [1][-]{section.3.3}{\376\377\000S\000e\000l\000f\000-\000A\000s\000s\000e\000s\000s\000m\000e\000n\000t\000\040\000T\000o\000o\000l\000s}{chapter.3}% 12
\BOOKMARK [1][-]{section.3.4}{\376\377\000D\000a\000t\000a\000\040\000V\000i\000s\000u\000a\000l\000i\000z\000a\000t\000i\000o\000n\000\040\000a\000n\000d\000\040\000A\000n\000a\000l\000y\000s\000i\000s}{chapter.3}% 13
\BOOKMARK [1][-]{section.3.5}{\376\377\000C\000o\000l\000l\000a\000b\000o\000r\000a\000t\000i\000o\000n\000\040\000a\000n\000d\000\040\000C\000o\000m\000m\000u\000n\000i\000c\000a\000t\000i\000o\000n\000\040\000P\000l\000a\000t\000f\000o\000r\000m}{chapter.3}% 14
\BOOKMARK [1][-]{section.3.6}{\376\377\000A\000d\000v\000a\000n\000c\000e\000d\000\040\000C\000o\000n\000s\000u\000l\000t\000a\000t\000i\000o\000n\000\040\000S\000e\000r\000v\000i\000c\000e\000s}{chapter.3}% 15
\BOOKMARK [0][-]{chapter.4}{\376\377\000R\000e\000q\000u\000i\000r\000e\000m\000e\000n\000t\000\040\000A\000n\000a\000l\000y\000s\000i\000s}{}% 16
\BOOKMARK [1][-]{section.4.1}{\376\377\000C\000o\000m\000p\000u\000t\000e\000r\000\040\000S\000p\000e\000c\000i\000f\000i\000c\000a\000t\000i\000o\000n\000s}{chapter.4}% 17
\BOOKMARK [1][-]{section.4.2}{\376\377\000O\000p\000e\000r\000a\000t\000i\000n\000g\000\040\000S\000y\000s\000t\000e\000m}{chapter.4}% 18
\BOOKMARK [1][-]{section.4.3}{\376\377\000N\000o\000d\000e\000.\000j\000s}{chapter.4}% 19
\BOOKMARK [1][-]{section.4.4}{\376\377\000D\000e\000p\000e\000n\000d\000e\000n\000c\000i\000e\000s\000\040\000a\000n\000d\000\040\000L\000i\000b\000r\000a\000r\000i\000e\000s}{chapter.4}% 20
\BOOKMARK [1][-]{section.4.5}{\376\377\000D\000e\000v\000e\000l\000o\000p\000m\000e\000n\000t\000\040\000T\000o\000o\000l\000s}{chapter.4}% 21
\BOOKMARK [1][-]{section.4.6}{\376\377\000I\000n\000t\000e\000r\000n\000e\000t\000\040\000C\000o\000n\000n\000e\000c\000t\000i\000v\000i\000t\000y}{chapter.4}% 22
\BOOKMARK [0][-]{chapter.5}{\376\377\000T\000e\000c\000h\000n\000o\000l\000o\000g\000i\000e\000s\000\040\000u\000s\000e\000d}{}% 23
\BOOKMARK [1][-]{section.5.1}{\376\377\000M\000o\000n\000g\000o\000D\000B}{chapter.5}% 24
\BOOKMARK [1][-]{section.5.2}{\376\377\000E\000x\000p\000r\000e\000s\000s\000.\000j\000s}{chapter.5}% 25
\BOOKMARK [1][-]{section.5.3}{\376\377\000R\000e\000a\000c\000t\000.\000j\000s}{chapter.5}% 26
\BOOKMARK [1][-]{section.5.4}{\376\377\000N\000o\000d\000e\000.\000j\000s}{chapter.5}% 27
\BOOKMARK [1][-]{section.5.5}{\376\377\000R\000a\000z\000o\000r\000p\000a\000y}{chapter.5}% 28
\BOOKMARK [1][-]{section.5.6}{\376\377\000G\000i\000t}{chapter.5}% 29
\BOOKMARK [0][-]{chapter.6}{\376\377\000C\000o\000d\000e}{}% 30
\BOOKMARK [1][-]{section.6.1}{\376\377\000S\000i\000g\000n\000\040\000u\000p}{chapter.6}% 31
\BOOKMARK [1][-]{section.6.2}{\376\377\000L\000o\000g\000i\000n}{chapter.6}% 32
\BOOKMARK [1][-]{section.6.3}{\376\377\000V\000a\000l\000i\000d\000a\000t\000i\000o\000n}{chapter.6}% 33
\BOOKMARK [1][-]{section.6.4}{\376\377\000R\000a\000z\000o\000r\000p\000a\000y}{chapter.6}% 34
\BOOKMARK [1][-]{section.6.5}{\376\377\000E\000m\000a\000i\000l\000\040\000A\000u\000t\000o\000m\000a\000t\000i\000o\000n}{chapter.6}% 35
\BOOKMARK [1][-]{section.6.6}{\376\377\000F\000e\000t\000c\000h\000\040\000d\000e\000p\000a\000r\000t\000m\000e\000n\000t\000\040\000d\000e\000t\000a\000i\000l\000s}{chapter.6}% 36
\BOOKMARK [1][-]{section.6.7}{\376\377\000U\000p\000d\000a\000t\000e\000\040\000d\000e\000p\000a\000r\000t\000m\000e\000n\000t\000\040\000d\000e\000t\000a\000i\000l\000s}{chapter.6}% 37
\BOOKMARK [0][-]{chapter.7}{\376\377\000S\000c\000r\000e\000e\000n\000s\000h\000o\000t\000s}{}% 38
\BOOKMARK [1][-]{section.7.1}{\376\377\000H\000o\000m\000e\000\040\000P\000a\000g\000e}{chapter.7}% 39
\BOOKMARK [1][-]{section.7.2}{\376\377\000L\000o\000g\000i\000n}{chapter.7}% 40
\BOOKMARK [1][-]{section.7.3}{\376\377\000S\000i\000g\000n\000\040\000U\000p}{chapter.7}% 41
\BOOKMARK [1][-]{section.7.4}{\376\377\000P\000r\000e\000\040\000Q\000u\000a\000l\000i\000f\000i\000e\000r\000s}{chapter.7}% 42
\BOOKMARK [1][-]{section.7.5}{\376\377\000P\000r\000e\000m\000i\000u\000m}{chapter.7}% 43
\BOOKMARK [1][-]{section.7.6}{\376\377\000R\000a\000z\000o\000r\000p\000a\000y}{chapter.7}% 44
\BOOKMARK [1][-]{section.7.7}{\376\377\000I\000n\000v\000o\000i\000c\000e\000\040\000B\000i\000l\000l}{chapter.7}% 45
\BOOKMARK [1][-]{section.7.8}{\376\377\000A\000d\000m\000i\000n\000\040\000D\000a\000s\000h\000b\000o\000a\000r\000d}{chapter.7}% 46
\BOOKMARK [0][-]{chapter.8}{\376\377\000C\000o\000n\000c\000l\000u\000s\000i\000o\000n}{}% 47
\BOOKMARK [0][-]{chapter.9}{\376\377\000R\000e\000f\000e\000r\000e\000n\000c\000e\000s}{}% 48
